<?xml version="1.0" encoding="UTF-8"?>
<testng-results skipped="0" failed="0" ignored="0" total="1" passed="1">
  <reporter-output>
  </reporter-output>
  <suite name="Suite" duration-ms="161346" started-at="2021-01-30T23:14:14 IST" finished-at="2021-01-30T23:16:55 IST">
    <groups>
    </groups>
    <test name="Amazon applictaion" duration-ms="161346" started-at="2021-01-30T23:14:14 IST" finished-at="2021-01-30T23:16:55 IST">
      <class name="Test.SampleTest">
        <test-method status="PASS" signature="beforetest()[pri:0, instance:Test.SampleTest@23e028a9]" name="beforetest" is-config="true" duration-ms="33688" started-at="2021-01-30T23:14:14 IST" finished-at="2021-01-30T23:14:48 IST">
          <reporter-output>
          </reporter-output>
        </test-method> <!-- beforetest -->
        <test-method status="PASS" signature="searchanyproduct()[pri:0, instance:Test.SampleTest@23e028a9]" name="searchanyproduct" duration-ms="126961" started-at="2021-01-30T23:14:48 IST" finished-at="2021-01-30T23:16:55 IST">
          <reporter-output>
          </reporter-output>
        </test-method> <!-- searchanyproduct -->
        <test-method status="PASS" signature="getResult(org.testng.ITestResult)[pri:0, instance:Test.SampleTest@23e028a9]" name="getResult" is-config="true" duration-ms="637" started-at="2021-01-30T23:16:55 IST" finished-at="2021-01-30T23:16:55 IST">
          <params>
            <param index="0">
              <value>
                <![CDATA[[TestResult name=searchanyproduct status=SUCCESS method=SampleTest.searchanyproduct()[pri:0, instance:Test.SampleTest@23e028a9] output={null}]]]>
              </value>
            </param>
          </params>
          <reporter-output>
          </reporter-output>
        </test-method> <!-- getResult -->
      </class> <!-- Test.SampleTest -->
    </test> <!-- Amazon applictaion -->
  </suite> <!-- Suite -->
</testng-results>
