<?xml version="1.0" encoding="UTF-8"?>
<testng-results skipped="0" failed="0" ignored="2" total="3" passed="1">
  <reporter-output>
  </reporter-output>
  <suite name="Suite" duration-ms="164537" started-at="2021-01-29T00:59:33 IST" finished-at="2021-01-29T01:02:17 IST">
    <groups>
    </groups>
    <test name="Amazon applictaion" duration-ms="164537" started-at="2021-01-29T00:59:33 IST" finished-at="2021-01-29T01:02:17 IST">
      <class name="Pagesobjects.MainDriver">
        <test-method status="PASS" signature="beforeSuite()[pri:0, instance:Pagesobjects.MainDriver@5a8e6209]" name="beforeSuite" is-config="true" duration-ms="31327" started-at="2021-01-29T00:59:01 IST" finished-at="2021-01-29T00:59:33 IST">
          <reporter-output>
          </reporter-output>
        </test-method> <!-- beforeSuite -->
        <test-method status="PASS" signature="endReport()[pri:0, instance:Pagesobjects.MainDriver@5a8e6209]" name="endReport" is-config="true" duration-ms="0" started-at="2021-01-29T01:02:17 IST" finished-at="2021-01-29T01:02:17 IST">
          <reporter-output>
          </reporter-output>
        </test-method> <!-- endReport -->
      </class> <!-- Pagesobjects.MainDriver -->
      <class name="Pagesobjects.SearchProduct">
        <test-method status="PASS" signature="beforetest()[pri:0, instance:Pagesobjects.SearchProduct@4b4523f8]" name="beforetest" is-config="true" duration-ms="1" started-at="2021-01-29T00:59:33 IST" finished-at="2021-01-29T00:59:33 IST">
          <reporter-output>
          </reporter-output>
        </test-method> <!-- beforetest -->
        <test-method status="PASS" signature="searchanyproduct()[pri:0, instance:Pagesobjects.SearchProduct@4b4523f8]" name="searchanyproduct" duration-ms="163789" started-at="2021-01-29T00:59:33 IST" finished-at="2021-01-29T01:02:16 IST">
          <reporter-output>
          </reporter-output>
        </test-method> <!-- searchanyproduct -->
        <test-method status="PASS" signature="getResult(org.testng.ITestResult)[pri:0, instance:Pagesobjects.SearchProduct@4b4523f8]" name="getResult" is-config="true" duration-ms="679" started-at="2021-01-29T01:02:16 IST" finished-at="2021-01-29T01:02:17 IST">
          <params>
            <param index="0">
              <value>
                <![CDATA[[TestResult name=searchanyproduct status=SUCCESS method=SearchProduct.searchanyproduct()[pri:0, instance:Pagesobjects.SearchProduct@4b4523f8] output={null}]]]>
              </value>
            </param>
          </params>
          <reporter-output>
          </reporter-output>
        </test-method> <!-- getResult -->
      </class> <!-- Pagesobjects.SearchProduct -->
    </test> <!-- Amazon applictaion -->
  </suite> <!-- Suite -->
</testng-results>
