<?xml version="1.0" encoding="UTF-8"?>
<!-- Generated by org.testng.reporters.JUnitXMLReporter -->
<testsuite hostname="LAPTOP-0MJKVQJF" ignored="2" name="Amazon applictaion" tests="1" failures="0" timestamp="2021-01-29T01:02:17 IST" time="164.537" errors="0">
  <testcase name="searchanyproduct" time="163.789" classname="Pagesobjects.SearchProduct"/>
  <testcase name="@AfterSuite endReport" time="0.0" classname="Pagesobjects.MainDriver">
    <ignored/>
  </testcase> <!-- @AfterSuite endReport -->
  <testcase name="@BeforeSuite beforeSuite" time="0.0" classname="Pagesobjects.MainDriver">
    <ignored/>
  </testcase> <!-- @BeforeSuite beforeSuite -->
</testsuite> <!-- Amazon applictaion -->
